<?xml version="1.0" encoding="UTF-8"?>
<!-- Generated by org.testng.reporters.JUnitReportReporter -->
<testsuite name="com.coda.SampleProj.SampleReports.AddReportDocker" tests="1" time="11.288" ignored="0" failures="0" timestamp="11 Dec 2018 13:23:31 GMT" skipped="0" hostname="Admins-MacBook-Pro-3.local" errors="0">
  <testcase name="LaunchIRCTC" time="11.288" classname="com.coda.SampleProj.SampleReports.AddReportDocker"/>
</testsuite> <!-- com.coda.SampleProj.SampleReports.AddReportDocker -->
