<?xml version="1.0" encoding="UTF-8"?>
<!-- Generated by org.testng.reporters.JUnitReportReporter -->
<testsuite name="com.coda.SampleProj.SampleReports.Reports" tests="1" time="0.555" ignored="0" failures="0" timestamp="11 Dec 2018 11:07:10 GMT" skipped="0" hostname="Admins-MacBook-Pro-3.local" errors="0">
  <testcase name="StartReport" time="0.555" classname="com.coda.SampleProj.SampleReports.Reports"/>
</testsuite> <!-- com.coda.SampleProj.SampleReports.Reports -->
