<?xml version="1.0" encoding="UTF-8"?>
<!-- Generated by org.testng.reporters.JUnitReportReporter -->
<testsuite name="com.coda.SampleProj.SampleReports.AddReportDocker" tests="1" time="9.000" ignored="0" failures="0" timestamp="12 Dec 2018 07:10:15 GMT" skipped="0" hostname="Admins-MacBook-Pro-3.local" errors="0">
  <testcase name="LaunchIRCTC" time="9.000" classname="com.coda.SampleProj.SampleReports.AddReportDocker"/>
</testsuite> <!-- com.coda.SampleProj.SampleReports.AddReportDocker -->
